Classic Timing Analyzer report for THANHGHI4BIT
Thu Mar 28 14:41:12 2024
Quartus II Version 9.1 Build 350 03/24/2010 Service Pack 2 SJ Web Edition


---------------------
; Table of Contents ;
---------------------
  1. Legal Notice
  2. Timing Analyzer Summary
  3. Timing Analyzer Settings
  4. Clock Settings Summary
  5. Parallel Compilation
  6. tsu
  7. tco
  8. th
  9. Timing Analyzer Messages



----------------
; Legal Notice ;
----------------
Copyright (C) 1991-2010 Altera Corporation
Your use of Altera Corporation's design tools, logic functions 
and other software and tools, and its AMPP partner logic 
functions, and any output files from any of the foregoing 
(including device programming or simulation files), and any 
associated documentation or information are expressly subject 
to the terms and conditions of the Altera Program License 
Subscription Agreement, Altera MegaCore Function License 
Agreement, or other applicable license agreement, including, 
without limitation, that your use is for the sole purpose of 
programming logic devices manufactured by Altera and sold by 
Altera or its authorized distributors.  Please refer to the 
applicable agreement for further details.



+---------------------------------------------------------------------------------------------------------------------------+
; Timing Analyzer Summary                                                                                                   ;
+------------------------------+-------+---------------+-------------+-------+-------+------------+----------+--------------+
; Type                         ; Slack ; Required Time ; Actual Time ; From  ; To    ; From Clock ; To Clock ; Failed Paths ;
+------------------------------+-------+---------------+-------------+-------+-------+------------+----------+--------------+
; Worst-case tsu               ; N/A   ; None          ; 2.618 ns    ; D[0]  ; inst4 ; --         ; Clock    ; 0            ;
; Worst-case tco               ; N/A   ; None          ; 6.793 ns    ; inst2 ; Q[2]  ; Clock      ; --       ; 0            ;
; Worst-case th                ; N/A   ; None          ; 1.352 ns    ; D[2]  ; inst2 ; --         ; Clock    ; 0            ;
; Total number of failed paths ;       ;               ;             ;       ;       ;            ;          ; 0            ;
+------------------------------+-------+---------------+-------------+-------+-------+------------+----------+--------------+


+-----------------------------------------------------------------------------------------------------------------------------------------------------+
; Timing Analyzer Settings                                                                                                                            ;
+------------------------------------------------------------------------------------------------------+--------------------+------+----+-------------+
; Option                                                                                               ; Setting            ; From ; To ; Entity Name ;
+------------------------------------------------------------------------------------------------------+--------------------+------+----+-------------+
; Device Name                                                                                          ; EP2C70F896C6       ;      ;    ;             ;
; Timing Models                                                                                        ; Final              ;      ;    ;             ;
; Default hold multicycle                                                                              ; Same as Multicycle ;      ;    ;             ;
; Cut paths between unrelated clock domains                                                            ; On                 ;      ;    ;             ;
; Cut off read during write signal paths                                                               ; On                 ;      ;    ;             ;
; Cut off feedback from I/O pins                                                                       ; On                 ;      ;    ;             ;
; Report Combined Fast/Slow Timing                                                                     ; Off                ;      ;    ;             ;
; Ignore Clock Settings                                                                                ; Off                ;      ;    ;             ;
; Analyze latches as synchronous elements                                                              ; On                 ;      ;    ;             ;
; Enable Recovery/Removal analysis                                                                     ; Off                ;      ;    ;             ;
; Enable Clock Latency                                                                                 ; Off                ;      ;    ;             ;
; Use TimeQuest Timing Analyzer                                                                        ; Off                ;      ;    ;             ;
; Minimum Core Junction Temperature                                                                    ; 0                  ;      ;    ;             ;
; Maximum Core Junction Temperature                                                                    ; 85                 ;      ;    ;             ;
; Number of source nodes to report per destination node                                                ; 10                 ;      ;    ;             ;
; Number of destination nodes to report                                                                ; 10                 ;      ;    ;             ;
; Number of paths to report                                                                            ; 200                ;      ;    ;             ;
; Report Minimum Timing Checks                                                                         ; Off                ;      ;    ;             ;
; Use Fast Timing Models                                                                               ; Off                ;      ;    ;             ;
; Report IO Paths Separately                                                                           ; Off                ;      ;    ;             ;
; Perform Multicorner Analysis                                                                         ; On                 ;      ;    ;             ;
; Reports the worst-case path for each clock domain and analysis                                       ; Off                ;      ;    ;             ;
; Reports worst-case timing paths for each clock domain and analysis                                   ; On                 ;      ;    ;             ;
; Specifies the maximum number of worst-case timing paths to report for each clock domain and analysis ; 100                ;      ;    ;             ;
; Removes common clock path pessimism (CCPP) during slack computation                                  ; Off                ;      ;    ;             ;
; Output I/O Timing Endpoint                                                                           ; Near End           ;      ;    ;             ;
+------------------------------------------------------------------------------------------------------+--------------------+------+----+-------------+


+------------------------------------------------------------------------------------------------------------------------------------------------------------------------------------+
; Clock Settings Summary                                                                                                                                                             ;
+-----------------+--------------------+----------+------------------+---------------+--------------+----------+-----------------------+---------------------+--------+--------------+
; Clock Node Name ; Clock Setting Name ; Type     ; Fmax Requirement ; Early Latency ; Late Latency ; Based on ; Multiply Base Fmax by ; Divide Base Fmax by ; Offset ; Phase offset ;
+-----------------+--------------------+----------+------------------+---------------+--------------+----------+-----------------------+---------------------+--------+--------------+
; Clock           ;                    ; User Pin ; None             ; 0.000 ns      ; 0.000 ns     ; --       ; N/A                   ; N/A                 ; N/A    ;              ;
+-----------------+--------------------+----------+------------------+---------------+--------------+----------+-----------------------+---------------------+--------+--------------+


Parallel compilation was disabled, but you have multiple processors available. Enable parallel compilation to reduce compilation time.
+-------------------------------------+
; Parallel Compilation                ;
+----------------------------+--------+
; Processors                 ; Number ;
+----------------------------+--------+
; Number detected on machine ; 6      ;
; Maximum allowed            ; 1      ;
+----------------------------+--------+


+-------------------------------------------------------------+
; tsu                                                         ;
+-------+--------------+------------+------+-------+----------+
; Slack ; Required tsu ; Actual tsu ; From ; To    ; To Clock ;
+-------+--------------+------------+------+-------+----------+
; N/A   ; None         ; 2.618 ns   ; D[0] ; inst4 ; Clock    ;
; N/A   ; None         ; 2.563 ns   ; D[1] ; inst3 ; Clock    ;
; N/A   ; None         ; -0.887 ns  ; D[3] ; inst  ; Clock    ;
; N/A   ; None         ; -1.122 ns  ; D[2] ; inst2 ; Clock    ;
+-------+--------------+------------+------+-------+----------+


+---------------------------------------------------------------+
; tco                                                           ;
+-------+--------------+------------+-------+------+------------+
; Slack ; Required tco ; Actual tco ; From  ; To   ; From Clock ;
+-------+--------------+------------+-------+------+------------+
; N/A   ; None         ; 6.793 ns   ; inst2 ; Q[2] ; Clock      ;
; N/A   ; None         ; 6.558 ns   ; inst  ; Q[3] ; Clock      ;
; N/A   ; None         ; 6.300 ns   ; inst3 ; Q[1] ; Clock      ;
; N/A   ; None         ; 6.239 ns   ; inst4 ; Q[0] ; Clock      ;
+-------+--------------+------------+-------+------+------------+


+-------------------------------------------------------------------+
; th                                                                ;
+---------------+-------------+-----------+------+-------+----------+
; Minimum Slack ; Required th ; Actual th ; From ; To    ; To Clock ;
+---------------+-------------+-----------+------+-------+----------+
; N/A           ; None        ; 1.352 ns  ; D[2] ; inst2 ; Clock    ;
; N/A           ; None        ; 1.117 ns  ; D[3] ; inst  ; Clock    ;
; N/A           ; None        ; -2.333 ns ; D[1] ; inst3 ; Clock    ;
; N/A           ; None        ; -2.388 ns ; D[0] ; inst4 ; Clock    ;
+---------------+-------------+-----------+------+-------+----------+


+--------------------------+
; Timing Analyzer Messages ;
+--------------------------+
Info: *******************************************************************
Info: Running Quartus II Classic Timing Analyzer
    Info: Version 9.1 Build 350 03/24/2010 Service Pack 2 SJ Web Edition
    Info: Processing started: Thu Mar 28 14:41:12 2024
Info: Command: quartus_tan --read_settings_files=off --write_settings_files=off THANHGHI4BIT -c THANHGHI4BIT --timing_analysis_only
Warning: Found pins functioning as undefined clocks and/or memory enables
    Info: Assuming node "Clock" is an undefined clock
Info: No valid register-to-register data paths exist for clock "Clock"
Info: tsu for register "inst4" (data pin = "D[0]", clock pin = "Clock") is 2.618 ns
    Info: + Longest pin to register delay is 5.523 ns
        Info: 1: + IC(0.000 ns) + CELL(0.822 ns) = 0.822 ns; Loc. = PIN_L25; Fanout = 1; PIN Node = 'D[0]'
        Info: 2: + IC(4.468 ns) + CELL(0.149 ns) = 5.439 ns; Loc. = LCCOMB_X94_Y41_N16; Fanout = 1; COMB Node = 'inst4~feeder'
        Info: 3: + IC(0.000 ns) + CELL(0.084 ns) = 5.523 ns; Loc. = LCFF_X94_Y41_N17; Fanout = 1; REG Node = 'inst4'
        Info: Total cell delay = 1.055 ns ( 19.10 % )
        Info: Total interconnect delay = 4.468 ns ( 80.90 % )
    Info: + Micro setup delay of destination is -0.036 ns
    Info: - Shortest clock path from clock "Clock" to destination register is 2.869 ns
        Info: 1: + IC(0.000 ns) + CELL(0.989 ns) = 0.989 ns; Loc. = PIN_T2; Fanout = 1; CLK Node = 'Clock'
        Info: 2: + IC(0.114 ns) + CELL(0.000 ns) = 1.103 ns; Loc. = CLKCTRL_G3; Fanout = 4; COMB Node = 'Clock~clkctrl'
        Info: 3: + IC(1.229 ns) + CELL(0.537 ns) = 2.869 ns; Loc. = LCFF_X94_Y41_N17; Fanout = 1; REG Node = 'inst4'
        Info: Total cell delay = 1.526 ns ( 53.19 % )
        Info: Total interconnect delay = 1.343 ns ( 46.81 % )
Info: tco from clock "Clock" to destination pin "Q[2]" through register "inst2" is 6.793 ns
    Info: + Longest clock path from clock "Clock" to source register is 2.908 ns
        Info: 1: + IC(0.000 ns) + CELL(0.989 ns) = 0.989 ns; Loc. = PIN_T2; Fanout = 1; CLK Node = 'Clock'
        Info: 2: + IC(0.114 ns) + CELL(0.000 ns) = 1.103 ns; Loc. = CLKCTRL_G3; Fanout = 4; COMB Node = 'Clock~clkctrl'
        Info: 3: + IC(1.268 ns) + CELL(0.537 ns) = 2.908 ns; Loc. = LCFF_X47_Y50_N1; Fanout = 1; REG Node = 'inst2'
        Info: Total cell delay = 1.526 ns ( 52.48 % )
        Info: Total interconnect delay = 1.382 ns ( 47.52 % )
    Info: + Micro clock to output delay of source is 0.250 ns
    Info: + Longest register to pin delay is 3.635 ns
        Info: 1: + IC(0.000 ns) + CELL(0.000 ns) = 0.000 ns; Loc. = LCFF_X47_Y50_N1; Fanout = 1; REG Node = 'inst2'
        Info: 2: + IC(0.847 ns) + CELL(2.788 ns) = 3.635 ns; Loc. = PIN_C15; Fanout = 0; PIN Node = 'Q[2]'
        Info: Total cell delay = 2.788 ns ( 76.70 % )
        Info: Total interconnect delay = 0.847 ns ( 23.30 % )
Info: th for register "inst2" (data pin = "D[2]", clock pin = "Clock") is 1.352 ns
    Info: + Longest clock path from clock "Clock" to destination register is 2.908 ns
        Info: 1: + IC(0.000 ns) + CELL(0.989 ns) = 0.989 ns; Loc. = PIN_T2; Fanout = 1; CLK Node = 'Clock'
        Info: 2: + IC(0.114 ns) + CELL(0.000 ns) = 1.103 ns; Loc. = CLKCTRL_G3; Fanout = 4; COMB Node = 'Clock~clkctrl'
        Info: 3: + IC(1.268 ns) + CELL(0.537 ns) = 2.908 ns; Loc. = LCFF_X47_Y50_N1; Fanout = 1; REG Node = 'inst2'
        Info: Total cell delay = 1.526 ns ( 52.48 % )
        Info: Total interconnect delay = 1.382 ns ( 47.52 % )
    Info: + Micro hold delay of destination is 0.266 ns
    Info: - Shortest pin to register delay is 1.822 ns
        Info: 1: + IC(0.000 ns) + CELL(0.959 ns) = 0.959 ns; Loc. = PIN_H15; Fanout = 1; PIN Node = 'D[2]'
        Info: 2: + IC(0.630 ns) + CELL(0.149 ns) = 1.738 ns; Loc. = LCCOMB_X47_Y50_N0; Fanout = 1; COMB Node = 'inst2~feeder'
        Info: 3: + IC(0.000 ns) + CELL(0.084 ns) = 1.822 ns; Loc. = LCFF_X47_Y50_N1; Fanout = 1; REG Node = 'inst2'
        Info: Total cell delay = 1.192 ns ( 65.42 % )
        Info: Total interconnect delay = 0.630 ns ( 34.58 % )
Info: Quartus II Classic Timing Analyzer was successful. 0 errors, 1 warning
    Info: Peak virtual memory: 175 megabytes
    Info: Processing ended: Thu Mar 28 14:41:12 2024
    Info: Elapsed time: 00:00:00
    Info: Total CPU time (on all processors): 00:00:00


