Classic Timing Analyzer report for FLIPFLOP_T
Thu Mar 28 12:56:29 2024
Quartus II Version 9.1 Build 350 03/24/2010 Service Pack 2 SJ Web Edition


---------------------
; Table of Contents ;
---------------------
  1. Legal Notice
  2. Timing Analyzer Summary
  3. Timing Analyzer Settings
  4. Clock Settings Summary
  5. Parallel Compilation
  6. Clock Setup: 'Clock'
  7. tsu
  8. tco
  9. tpd
 10. th
 11. Timing Analyzer Messages



----------------
; Legal Notice ;
----------------
Copyright (C) 1991-2010 Altera Corporation
Your use of Altera Corporation's design tools, logic functions 
and other software and tools, and its AMPP partner logic 
functions, and any output files from any of the foregoing 
(including device programming or simulation files), and any 
associated documentation or information are expressly subject 
to the terms and conditions of the Altera Program License 
Subscription Agreement, Altera MegaCore Function License 
Agreement, or other applicable license agreement, including, 
without limitation, that your use is for the sole purpose of 
programming logic devices manufactured by Altera and sold by 
Altera or its authorized distributors.  Please refer to the 
applicable agreement for further details.



+--------------------------------------------------------------------------------------------------------------------------------------------------------------------------------+
; Timing Analyzer Summary                                                                                                                                                        ;
+------------------------------+-------+---------------+------------------------------------------------+----------------+----------------+------------+----------+--------------+
; Type                         ; Slack ; Required Time ; Actual Time                                    ; From           ; To             ; From Clock ; To Clock ; Failed Paths ;
+------------------------------+-------+---------------+------------------------------------------------+----------------+----------------+------------+----------+--------------+
; Worst-case tsu               ; N/A   ; None          ; 3.853 ns                                       ; T              ; inst~_emulated ; --         ; Clock    ; 0            ;
; Worst-case tco               ; N/A   ; None          ; 5.880 ns                                       ; inst~_emulated ; Q              ; Clock      ; --       ; 0            ;
; Worst-case tpd               ; N/A   ; None          ; 6.449 ns                                       ; Clear          ; Q              ; --         ; --       ; 0            ;
; Worst-case th                ; N/A   ; None          ; -1.162 ns                                      ; Preset         ; inst~_emulated ; --         ; Clock    ; 0            ;
; Clock Setup: 'Clock'         ; N/A   ; None          ; Restricted to 450.05 MHz ( period = 2.222 ns ) ; inst~_emulated ; inst~_emulated ; Clock      ; Clock    ; 0            ;
; Total number of failed paths ;       ;               ;                                                ;                ;                ;            ;          ; 0            ;
+------------------------------+-------+---------------+------------------------------------------------+----------------+----------------+------------+----------+--------------+


+-----------------------------------------------------------------------------------------------------------------------------------------------------+
; Timing Analyzer Settings                                                                                                                            ;
+------------------------------------------------------------------------------------------------------+--------------------+------+----+-------------+
; Option                                                                                               ; Setting            ; From ; To ; Entity Name ;
+------------------------------------------------------------------------------------------------------+--------------------+------+----+-------------+
; Device Name                                                                                          ; EP2C70F896C6       ;      ;    ;             ;
; Timing Models                                                                                        ; Final              ;      ;    ;             ;
; Default hold multicycle                                                                              ; Same as Multicycle ;      ;    ;             ;
; Cut paths between unrelated clock domains                                                            ; On                 ;      ;    ;             ;
; Cut off read during write signal paths                                                               ; On                 ;      ;    ;             ;
; Cut off feedback from I/O pins                                                                       ; On                 ;      ;    ;             ;
; Report Combined Fast/Slow Timing                                                                     ; Off                ;      ;    ;             ;
; Ignore Clock Settings                                                                                ; Off                ;      ;    ;             ;
; Analyze latches as synchronous elements                                                              ; On                 ;      ;    ;             ;
; Enable Recovery/Removal analysis                                                                     ; Off                ;      ;    ;             ;
; Enable Clock Latency                                                                                 ; Off                ;      ;    ;             ;
; Use TimeQuest Timing Analyzer                                                                        ; Off                ;      ;    ;             ;
; Minimum Core Junction Temperature                                                                    ; 0                  ;      ;    ;             ;
; Maximum Core Junction Temperature                                                                    ; 85                 ;      ;    ;             ;
; Number of source nodes to report per destination node                                                ; 10                 ;      ;    ;             ;
; Number of destination nodes to report                                                                ; 10                 ;      ;    ;             ;
; Number of paths to report                                                                            ; 200                ;      ;    ;             ;
; Report Minimum Timing Checks                                                                         ; Off                ;      ;    ;             ;
; Use Fast Timing Models                                                                               ; Off                ;      ;    ;             ;
; Report IO Paths Separately                                                                           ; Off                ;      ;    ;             ;
; Perform Multicorner Analysis                                                                         ; On                 ;      ;    ;             ;
; Reports the worst-case path for each clock domain and analysis                                       ; Off                ;      ;    ;             ;
; Reports worst-case timing paths for each clock domain and analysis                                   ; On                 ;      ;    ;             ;
; Specifies the maximum number of worst-case timing paths to report for each clock domain and analysis ; 100                ;      ;    ;             ;
; Removes common clock path pessimism (CCPP) during slack computation                                  ; Off                ;      ;    ;             ;
; Output I/O Timing Endpoint                                                                           ; Near End           ;      ;    ;             ;
+------------------------------------------------------------------------------------------------------+--------------------+------+----+-------------+


+------------------------------------------------------------------------------------------------------------------------------------------------------------------------------------+
; Clock Settings Summary                                                                                                                                                             ;
+-----------------+--------------------+----------+------------------+---------------+--------------+----------+-----------------------+---------------------+--------+--------------+
; Clock Node Name ; Clock Setting Name ; Type     ; Fmax Requirement ; Early Latency ; Late Latency ; Based on ; Multiply Base Fmax by ; Divide Base Fmax by ; Offset ; Phase offset ;
+-----------------+--------------------+----------+------------------+---------------+--------------+----------+-----------------------+---------------------+--------+--------------+
; Clock           ;                    ; User Pin ; None             ; 0.000 ns      ; 0.000 ns     ; --       ; N/A                   ; N/A                 ; N/A    ;              ;
+-----------------+--------------------+----------+------------------+---------------+--------------+----------+-----------------------+---------------------+--------+--------------+


Parallel compilation was disabled, but you have multiple processors available. Enable parallel compilation to reduce compilation time.
+-------------------------------------+
; Parallel Compilation                ;
+----------------------------+--------+
; Processors                 ; Number ;
+----------------------------+--------+
; Number detected on machine ; 6      ;
; Maximum allowed            ; 1      ;
+----------------------------+--------+


+------------------------------------------------------------------------------------------------------------------------------------------------------------------------------------------------------+
; Clock Setup: 'Clock'                                                                                                                                                                                 ;
+-------+------------------------------------------------+----------------+----------------+------------+----------+-----------------------------+---------------------------+-------------------------+
; Slack ; Actual fmax (period)                           ; From           ; To             ; From Clock ; To Clock ; Required Setup Relationship ; Required Longest P2P Time ; Actual Longest P2P Time ;
+-------+------------------------------------------------+----------------+----------------+------------+----------+-----------------------------+---------------------------+-------------------------+
; N/A   ; Restricted to 450.05 MHz ( period = 2.222 ns ) ; inst~_emulated ; inst~_emulated ; Clock      ; Clock    ; None                        ; None                      ; 0.927 ns                ;
+-------+------------------------------------------------+----------------+----------------+------------+----------+-----------------------------+---------------------------+-------------------------+


+------------------------------------------------------------------------+
; tsu                                                                    ;
+-------+--------------+------------+--------+----------------+----------+
; Slack ; Required tsu ; Actual tsu ; From   ; To             ; To Clock ;
+-------+--------------+------------+--------+----------------+----------+
; N/A   ; None         ; 3.853 ns   ; T      ; inst~_emulated ; Clock    ;
; N/A   ; None         ; 1.710 ns   ; Clear  ; inst~_emulated ; Clock    ;
; N/A   ; None         ; 1.392 ns   ; Preset ; inst~_emulated ; Clock    ;
+-------+--------------+------------+--------+----------------+----------+


+----------------------------------------------------------------------+
; tco                                                                  ;
+-------+--------------+------------+----------------+----+------------+
; Slack ; Required tco ; Actual tco ; From           ; To ; From Clock ;
+-------+--------------+------------+----------------+----+------------+
; N/A   ; None         ; 5.880 ns   ; inst~_emulated ; Q  ; Clock      ;
+-------+--------------+------------+----------------+----+------------+


+-----------------------------------------------------------+
; tpd                                                       ;
+-------+-------------------+-----------------+--------+----+
; Slack ; Required P2P Time ; Actual P2P Time ; From   ; To ;
+-------+-------------------+-----------------+--------+----+
; N/A   ; None              ; 6.449 ns        ; Clear  ; Q  ;
; N/A   ; None              ; 6.131 ns        ; Preset ; Q  ;
+-------+-------------------+-----------------+--------+----+


+------------------------------------------------------------------------------+
; th                                                                           ;
+---------------+-------------+-----------+--------+----------------+----------+
; Minimum Slack ; Required th ; Actual th ; From   ; To             ; To Clock ;
+---------------+-------------+-----------+--------+----------------+----------+
; N/A           ; None        ; -1.162 ns ; Preset ; inst~_emulated ; Clock    ;
; N/A           ; None        ; -1.480 ns ; Clear  ; inst~_emulated ; Clock    ;
; N/A           ; None        ; -3.623 ns ; T      ; inst~_emulated ; Clock    ;
+---------------+-------------+-----------+--------+----------------+----------+


+--------------------------+
; Timing Analyzer Messages ;
+--------------------------+
Info: *******************************************************************
Info: Running Quartus II Classic Timing Analyzer
    Info: Version 9.1 Build 350 03/24/2010 Service Pack 2 SJ Web Edition
    Info: Processing started: Thu Mar 28 12:56:29 2024
Info: Command: quartus_tan --read_settings_files=off --write_settings_files=off FLIPFLOP_T -c FLIPFLOP_T --timing_analysis_only
Warning: Timing Analysis is analyzing one or more combinational loops as latches
    Warning: Node "inst~latch" is a latch
Warning: Found pins functioning as undefined clocks and/or memory enables
    Info: Assuming node "Clock" is an undefined clock
Info: Clock "Clock" Internal fmax is restricted to 450.05 MHz between source register "inst~_emulated" and destination register "inst~_emulated"
    Info: fmax restricted to clock pin edge rate 2.222 ns. Expand message to see actual delay path.
        Info: + Longest register to register delay is 0.927 ns
            Info: 1: + IC(0.000 ns) + CELL(0.000 ns) = 0.000 ns; Loc. = LCFF_X1_Y47_N1; Fanout = 1; REG Node = 'inst~_emulated'
            Info: 2: + IC(0.300 ns) + CELL(0.150 ns) = 0.450 ns; Loc. = LCCOMB_X1_Y47_N2; Fanout = 2; COMB Node = 'inst~head_lut'
            Info: 3: + IC(0.243 ns) + CELL(0.150 ns) = 0.843 ns; Loc. = LCCOMB_X1_Y47_N0; Fanout = 1; COMB Node = 'inst~data_lut'
            Info: 4: + IC(0.000 ns) + CELL(0.084 ns) = 0.927 ns; Loc. = LCFF_X1_Y47_N1; Fanout = 1; REG Node = 'inst~_emulated'
            Info: Total cell delay = 0.384 ns ( 41.42 % )
            Info: Total interconnect delay = 0.543 ns ( 58.58 % )
        Info: - Smallest clock skew is 0.000 ns
            Info: + Shortest clock path from clock "Clock" to destination register is 2.079 ns
                Info: 1: + IC(0.000 ns) + CELL(0.862 ns) = 0.862 ns; Loc. = PIN_G3; Fanout = 1; CLK Node = 'Clock'
                Info: 2: + IC(0.680 ns) + CELL(0.537 ns) = 2.079 ns; Loc. = LCFF_X1_Y47_N1; Fanout = 1; REG Node = 'inst~_emulated'
                Info: Total cell delay = 1.399 ns ( 67.29 % )
                Info: Total interconnect delay = 0.680 ns ( 32.71 % )
            Info: - Longest clock path from clock "Clock" to source register is 2.079 ns
                Info: 1: + IC(0.000 ns) + CELL(0.862 ns) = 0.862 ns; Loc. = PIN_G3; Fanout = 1; CLK Node = 'Clock'
                Info: 2: + IC(0.680 ns) + CELL(0.537 ns) = 2.079 ns; Loc. = LCFF_X1_Y47_N1; Fanout = 1; REG Node = 'inst~_emulated'
                Info: Total cell delay = 1.399 ns ( 67.29 % )
                Info: Total interconnect delay = 0.680 ns ( 32.71 % )
        Info: + Micro clock to output delay of source is 0.250 ns
        Info: + Micro setup delay of destination is -0.036 ns
Info: tsu for register "inst~_emulated" (data pin = "T", clock pin = "Clock") is 3.853 ns
    Info: + Longest pin to register delay is 5.968 ns
        Info: 1: + IC(0.000 ns) + CELL(0.852 ns) = 0.852 ns; Loc. = PIN_F3; Fanout = 1; PIN Node = 'T'
        Info: 2: + IC(4.757 ns) + CELL(0.275 ns) = 5.884 ns; Loc. = LCCOMB_X1_Y47_N0; Fanout = 1; COMB Node = 'inst~data_lut'
        Info: 3: + IC(0.000 ns) + CELL(0.084 ns) = 5.968 ns; Loc. = LCFF_X1_Y47_N1; Fanout = 1; REG Node = 'inst~_emulated'
        Info: Total cell delay = 1.211 ns ( 20.29 % )
        Info: Total interconnect delay = 4.757 ns ( 79.71 % )
    Info: + Micro setup delay of destination is -0.036 ns
    Info: - Shortest clock path from clock "Clock" to destination register is 2.079 ns
        Info: 1: + IC(0.000 ns) + CELL(0.862 ns) = 0.862 ns; Loc. = PIN_G3; Fanout = 1; CLK Node = 'Clock'
        Info: 2: + IC(0.680 ns) + CELL(0.537 ns) = 2.079 ns; Loc. = LCFF_X1_Y47_N1; Fanout = 1; REG Node = 'inst~_emulated'
        Info: Total cell delay = 1.399 ns ( 67.29 % )
        Info: Total interconnect delay = 0.680 ns ( 32.71 % )
Info: tco from clock "Clock" to destination pin "Q" through register "inst~_emulated" is 5.880 ns
    Info: + Longest clock path from clock "Clock" to source register is 2.079 ns
        Info: 1: + IC(0.000 ns) + CELL(0.862 ns) = 0.862 ns; Loc. = PIN_G3; Fanout = 1; CLK Node = 'Clock'
        Info: 2: + IC(0.680 ns) + CELL(0.537 ns) = 2.079 ns; Loc. = LCFF_X1_Y47_N1; Fanout = 1; REG Node = 'inst~_emulated'
        Info: Total cell delay = 1.399 ns ( 67.29 % )
        Info: Total interconnect delay = 0.680 ns ( 32.71 % )
    Info: + Micro clock to output delay of source is 0.250 ns
    Info: + Longest register to pin delay is 3.551 ns
        Info: 1: + IC(0.000 ns) + CELL(0.000 ns) = 0.000 ns; Loc. = LCFF_X1_Y47_N1; Fanout = 1; REG Node = 'inst~_emulated'
        Info: 2: + IC(0.300 ns) + CELL(0.150 ns) = 0.450 ns; Loc. = LCCOMB_X1_Y47_N2; Fanout = 2; COMB Node = 'inst~head_lut'
        Info: 3: + IC(0.469 ns) + CELL(2.632 ns) = 3.551 ns; Loc. = PIN_H6; Fanout = 0; PIN Node = 'Q'
        Info: Total cell delay = 2.782 ns ( 78.34 % )
        Info: Total interconnect delay = 0.769 ns ( 21.66 % )
Info: Longest tpd from source pin "Clear" to destination pin "Q" is 6.449 ns
    Info: 1: + IC(0.000 ns) + CELL(0.959 ns) = 0.959 ns; Loc. = PIN_H15; Fanout = 3; PIN Node = 'Clear'
    Info: 2: + IC(1.969 ns) + CELL(0.420 ns) = 3.348 ns; Loc. = LCCOMB_X1_Y47_N2; Fanout = 2; COMB Node = 'inst~head_lut'
    Info: 3: + IC(0.469 ns) + CELL(2.632 ns) = 6.449 ns; Loc. = PIN_H6; Fanout = 0; PIN Node = 'Q'
    Info: Total cell delay = 4.011 ns ( 62.20 % )
    Info: Total interconnect delay = 2.438 ns ( 37.80 % )
Info: th for register "inst~_emulated" (data pin = "Preset", clock pin = "Clock") is -1.162 ns
    Info: + Longest clock path from clock "Clock" to destination register is 2.079 ns
        Info: 1: + IC(0.000 ns) + CELL(0.862 ns) = 0.862 ns; Loc. = PIN_G3; Fanout = 1; CLK Node = 'Clock'
        Info: 2: + IC(0.680 ns) + CELL(0.537 ns) = 2.079 ns; Loc. = LCFF_X1_Y47_N1; Fanout = 1; REG Node = 'inst~_emulated'
        Info: Total cell delay = 1.399 ns ( 67.29 % )
        Info: Total interconnect delay = 0.680 ns ( 32.71 % )
    Info: + Micro hold delay of destination is 0.266 ns
    Info: - Shortest pin to register delay is 3.507 ns
        Info: 1: + IC(0.000 ns) + CELL(0.959 ns) = 0.959 ns; Loc. = PIN_G15; Fanout = 3; PIN Node = 'Preset'
        Info: 2: + IC(1.796 ns) + CELL(0.275 ns) = 3.030 ns; Loc. = LCCOMB_X1_Y47_N2; Fanout = 2; COMB Node = 'inst~head_lut'
        Info: 3: + IC(0.243 ns) + CELL(0.150 ns) = 3.423 ns; Loc. = LCCOMB_X1_Y47_N0; Fanout = 1; COMB Node = 'inst~data_lut'
        Info: 4: + IC(0.000 ns) + CELL(0.084 ns) = 3.507 ns; Loc. = LCFF_X1_Y47_N1; Fanout = 1; REG Node = 'inst~_emulated'
        Info: Total cell delay = 1.468 ns ( 41.86 % )
        Info: Total interconnect delay = 2.039 ns ( 58.14 % )
Info: Quartus II Classic Timing Analyzer was successful. 0 errors, 3 warnings
    Info: Peak virtual memory: 175 megabytes
    Info: Processing ended: Thu Mar 28 12:56:29 2024
    Info: Elapsed time: 00:00:00
    Info: Total CPU time (on all processors): 00:00:00


