Classic Timing Analyzer report for MUX2_1_1BIT
Sat Mar 16 15:37:30 2024
Quartus II Version 9.1 Build 350 03/24/2010 Service Pack 2 SJ Web Edition


---------------------
; Table of Contents ;
---------------------
  1. Legal Notice
  2. Timing Analyzer Summary
  3. Timing Analyzer Settings
  4. Parallel Compilation
  5. tpd
  6. Timing Analyzer Messages



----------------
; Legal Notice ;
----------------
Copyright (C) 1991-2010 Altera Corporation
Your use of Altera Corporation's design tools, logic functions 
and other software and tools, and its AMPP partner logic 
functions, and any output files from any of the foregoing 
(including device programming or simulation files), and any 
associated documentation or information are expressly subject 
to the terms and conditions of the Altera Program License 
Subscription Agreement, Altera MegaCore Function License 
Agreement, or other applicable license agreement, including, 
without limitation, that your use is for the sole purpose of 
programming logic devices manufactured by Altera and sold by 
Altera or its authorized distributors.  Please refer to the 
applicable agreement for further details.



+-----------------------------------------------------------------------------------------------------------------------+
; Timing Analyzer Summary                                                                                               ;
+------------------------------+-------+---------------+-------------+------+----+------------+----------+--------------+
; Type                         ; Slack ; Required Time ; Actual Time ; From ; To ; From Clock ; To Clock ; Failed Paths ;
+------------------------------+-------+---------------+-------------+------+----+------------+----------+--------------+
; Worst-case tpd               ; N/A   ; None          ; 9.687 ns    ; s    ; m  ; --         ; --       ; 0            ;
; Total number of failed paths ;       ;               ;             ;      ;    ;            ;          ; 0            ;
+------------------------------+-------+---------------+-------------+------+----+------------+----------+--------------+


+-----------------------------------------------------------------------------------------------------------------------------------------------------+
; Timing Analyzer Settings                                                                                                                            ;
+------------------------------------------------------------------------------------------------------+--------------------+------+----+-------------+
; Option                                                                                               ; Setting            ; From ; To ; Entity Name ;
+------------------------------------------------------------------------------------------------------+--------------------+------+----+-------------+
; Device Name                                                                                          ; EP2C70F896C6       ;      ;    ;             ;
; Timing Models                                                                                        ; Final              ;      ;    ;             ;
; Default hold multicycle                                                                              ; Same as Multicycle ;      ;    ;             ;
; Cut paths between unrelated clock domains                                                            ; On                 ;      ;    ;             ;
; Cut off read during write signal paths                                                               ; On                 ;      ;    ;             ;
; Cut off feedback from I/O pins                                                                       ; On                 ;      ;    ;             ;
; Report Combined Fast/Slow Timing                                                                     ; Off                ;      ;    ;             ;
; Ignore Clock Settings                                                                                ; Off                ;      ;    ;             ;
; Analyze latches as synchronous elements                                                              ; On                 ;      ;    ;             ;
; Enable Recovery/Removal analysis                                                                     ; Off                ;      ;    ;             ;
; Enable Clock Latency                                                                                 ; Off                ;      ;    ;             ;
; Use TimeQuest Timing Analyzer                                                                        ; Off                ;      ;    ;             ;
; Minimum Core Junction Temperature                                                                    ; 0                  ;      ;    ;             ;
; Maximum Core Junction Temperature                                                                    ; 85                 ;      ;    ;             ;
; Number of source nodes to report per destination node                                                ; 10                 ;      ;    ;             ;
; Number of destination nodes to report                                                                ; 10                 ;      ;    ;             ;
; Number of paths to report                                                                            ; 200                ;      ;    ;             ;
; Report Minimum Timing Checks                                                                         ; Off                ;      ;    ;             ;
; Use Fast Timing Models                                                                               ; Off                ;      ;    ;             ;
; Report IO Paths Separately                                                                           ; Off                ;      ;    ;             ;
; Perform Multicorner Analysis                                                                         ; On                 ;      ;    ;             ;
; Reports the worst-case path for each clock domain and analysis                                       ; Off                ;      ;    ;             ;
; Reports worst-case timing paths for each clock domain and analysis                                   ; On                 ;      ;    ;             ;
; Specifies the maximum number of worst-case timing paths to report for each clock domain and analysis ; 100                ;      ;    ;             ;
; Removes common clock path pessimism (CCPP) during slack computation                                  ; Off                ;      ;    ;             ;
; Output I/O Timing Endpoint                                                                           ; Near End           ;      ;    ;             ;
+------------------------------------------------------------------------------------------------------+--------------------+------+----+-------------+


Parallel compilation was disabled, but you have multiple processors available. Enable parallel compilation to reduce compilation time.
+-------------------------------------+
; Parallel Compilation                ;
+----------------------------+--------+
; Processors                 ; Number ;
+----------------------------+--------+
; Number detected on machine ; 6      ;
; Maximum allowed            ; 1      ;
+----------------------------+--------+


+---------------------------------------------------------+
; tpd                                                     ;
+-------+-------------------+-----------------+------+----+
; Slack ; Required P2P Time ; Actual P2P Time ; From ; To ;
+-------+-------------------+-----------------+------+----+
; N/A   ; None              ; 9.687 ns        ; s    ; m  ;
; N/A   ; None              ; 5.528 ns        ; b    ; m  ;
; N/A   ; None              ; 5.383 ns        ; a    ; m  ;
+-------+-------------------+-----------------+------+----+


+--------------------------+
; Timing Analyzer Messages ;
+--------------------------+
Info: *******************************************************************
Info: Running Quartus II Classic Timing Analyzer
    Info: Version 9.1 Build 350 03/24/2010 Service Pack 2 SJ Web Edition
    Info: Processing started: Sat Mar 16 15:37:29 2024
Info: Command: quartus_tan --read_settings_files=off --write_settings_files=off MUX2_1_1BIT -c MUX2_1_1BIT --timing_analysis_only
Info: Longest tpd from source pin "s" to destination pin "m" is 9.687 ns
    Info: 1: + IC(0.000 ns) + CELL(0.810 ns) = 0.810 ns; Loc. = PIN_H16; Fanout = 1; PIN Node = 's'
    Info: 2: + IC(4.925 ns) + CELL(0.437 ns) = 6.172 ns; Loc. = LCCOMB_X48_Y50_N0; Fanout = 1; COMB Node = 'inst5~0'
    Info: 3: + IC(0.727 ns) + CELL(2.788 ns) = 9.687 ns; Loc. = PIN_B16; Fanout = 0; PIN Node = 'm'
    Info: Total cell delay = 4.035 ns ( 41.65 % )
    Info: Total interconnect delay = 5.652 ns ( 58.35 % )
Info: Quartus II Classic Timing Analyzer was successful. 0 errors, 0 warnings
    Info: Peak virtual memory: 175 megabytes
    Info: Processing ended: Sat Mar 16 15:37:30 2024
    Info: Elapsed time: 00:00:01
    Info: Total CPU time (on all processors): 00:00:00


